  Game.cpp
c:\users\bruce\source\repos\game\game.cpp(30): warning C4244: '+=': conversion from 'double' to 'int', possible loss of data
c:\users\bruce\source\repos\game\game.cpp(31): warning C4244: 'argument': conversion from 'double' to 'T', possible loss of data
          with
          [
              T=float
          ]
c:\users\bruce\source\repos\game\game.cpp(34): warning C4244: '=': conversion from 'double' to 'T', possible loss of data
          with
          [
              T=float
          ]
c:\users\bruce\source\repos\game\game.cpp(42): warning C4244: '=': conversion from 'double' to 'T', possible loss of data
          with
          [
              T=float
          ]
c:\users\bruce\source\repos\game\game.cpp(83): warning C4244: 'argument': conversion from 'int' to 'float', possible loss of data
c:\users\bruce\source\repos\game\game.cpp(108): warning C4244: '=': conversion from 'double' to 'int', possible loss of data
c:\users\bruce\source\repos\game\game.cpp(111): warning C4244: '=': conversion from 'double' to 'int', possible loss of data
c:\users\bruce\source\repos\game\game.cpp(113): warning C4244: 'initializing': conversion from 'T' to 'int', possible loss of data
          with
          [
              T=float
          ]
c:\users\bruce\source\repos\game\game.cpp(120): warning C4244: '=': conversion from 'double' to 'int', possible loss of data
c:\users\bruce\source\repos\game\game.cpp(123): warning C4244: '=': conversion from 'double' to 'int', possible loss of data
c:\users\bruce\source\repos\game\game.cpp(129): warning C4244: 'argument': conversion from 'const double' to 'int', possible loss of data
c:\users\bruce\source\repos\game\game.cpp(140): warning C4244: 'initializing': conversion from 'T' to 'int', possible loss of data
          with
          [
              T=float
          ]
c:\users\bruce\source\repos\game\game.cpp(155): warning C4244: '=': conversion from 'T' to 'int', possible loss of data
          with
          [
              T=float
          ]
c:\users\bruce\source\repos\game\game.cpp(160): warning C4267: 'argument': conversion from 'size_t' to 'int', possible loss of data
c:\users\bruce\source\repos\game\game.cpp(169): warning C4244: 'argument': conversion from 'time_t' to 'unsigned int', possible loss of data
c:\users\bruce\source\repos\game\game.cpp(187): warning C4244: '=': conversion from 'T' to 'T', possible loss of data
          with
          [
              T=unsigned int
          ]
          and
          [
              T=float
          ]
c:\users\bruce\source\repos\game\game.cpp(188): warning C4244: '=': conversion from 'double' to 'T', possible loss of data
          with
          [
              T=float
          ]
c:\users\bruce\source\repos\game\game.cpp(189): warning C4244: 'argument': conversion from 'T' to 'int', possible loss of data
          with
          [
              T=float
          ]
c:\users\bruce\source\repos\game\game.cpp(199): warning C4244: 'argument': conversion from 'double' to 'int', possible loss of data
c:\users\bruce\source\repos\game\game.cpp(199): warning C4244: 'argument': conversion from 'const double' to 'int', possible loss of data
c:\users\bruce\source\repos\game\game.cpp(229): warning C4244: 'argument': conversion from 'unsigned int' to 'T', possible loss of data
          with
          [
              T=float
          ]
c:\users\bruce\source\repos\game\game.cpp(288): warning C4244: 'argument': conversion from 'double' to 'int', possible loss of data
c:\users\bruce\source\repos\game\game.cpp(288): warning C4244: 'argument': conversion from 'const double' to 'int', possible loss of data
  Game.vcxproj -> C:\Users\bruce\source\repos\Game\x64\Debug\Game.exe
